# JRE version: OpenJDK Runtime Environment (8.0_152-b01) (build 1.8.0_152-release-1248-b01)
# Java VM: OpenJDK 64-Bit Server VM (25.152-b01 mixed mode linux-amd64 compressed oops)
Heap:
 PSYoungGen      total 448512K, used 17105K [0x000000076ab00000, 0x0000000787680000, 0x00000007c0000000)
  eden space 426496K, 0% used [0x000000076ab00000,0x000000076ab00000,0x0000000784b80000)
  from space 22016K, 77% used [0x0000000784b80000,0x0000000785c34748,0x0000000786100000)
  to   space 20992K, 0% used [0x0000000786200000,0x0000000786200000,0x0000000787680000)
 ParOldGen       total 82944K, used 61691K [0x00000006c0000000, 0x00000006c5100000, 0x000000076ab00000)
  object space 82944K, 74% used [0x00000006c0000000,0x00000006c3c3ee20,0x00000006c5100000)
 Metaspace       used 81308K, capacity 84490K, committed 84656K, reserved 1122304K
  class space    used 10724K, capacity 11357K, committed 11440K, reserved 1048576K
GC Heap History (10 events):
Event: 14.076 GC heap after
Heap after GC invocations=13 (full 2):
 PSYoungGen      total 232960K, used 15388K [0x000000076ab00000, 0x0000000780580000, 0x00000007c0000000)
  eden space 216576K, 0% used [0x000000076ab00000,0x000000076ab00000,0x0000000777e80000)
  from space 16384K, 93% used [0x0000000777e80000,0x0000000778d87038,0x0000000778e80000)
  to   space 18432K, 0% used [0x000000077f380000,0x000000077f380000,0x0000000780580000)
 ParOldGen       total 48640K, used 31499K [0x00000006c0000000, 0x00000006c2f80000, 0x000000076ab00000)
  object space 48640K, 64% used [0x00000006c0000000,0x00000006c1ec2ef0,0x00000006c2f80000)
 Metaspace       used 57571K, capacity 59042K, committed 59160K, reserved 1099776K
  class space    used 7883K, capacity 8282K, committed 8368K, reserved 1048576K
}
Event: 14.076 GC heap before
{Heap before GC invocations=14 (full 3):
 PSYoungGen      total 232960K, used 15388K [0x000000076ab00000, 0x0000000780580000, 0x00000007c0000000)
  eden space 216576K, 0% used [0x000000076ab00000,0x000000076ab00000,0x0000000777e80000)
  from space 16384K, 93% used [0x0000000777e80000,0x0000000778d87038,0x0000000778e80000)
  to   space 18432K, 0% used [0x000000077f380000,0x000000077f380000,0x0000000780580000)
 ParOldGen       total 48640K, used 31499K [0x00000006c0000000, 0x00000006c2f80000, 0x000000076ab00000)
  object space 48640K, 64% used [0x00000006c0000000,0x00000006c1ec2ef0,0x00000006c2f80000)
 Metaspace       used 57571K, capacity 59042K, committed 59160K, reserved 1099776K
  class space    used 7883K, capacity 8282K, committed 8368K, reserved 1048576K
Event: 14.283 GC heap after
Heap after GC invocations=14 (full 3):
 PSYoungGen      total 232960K, used 0K [0x000000076ab00000, 0x0000000780580000, 0x00000007c0000000)
  eden space 216576K, 0% used [0x000000076ab00000,0x000000076ab00000,0x0000000777e80000)
  from space 16384K, 0% used [0x0000000777e80000,0x0000000777e80000,0x0000000778e80000)
  to   space 18432K, 0% used [0x000000077f380000,0x000000077f380000,0x0000000780580000)
 ParOldGen       total 82944K, used 39327K [0x00000006c0000000, 0x00000006c5100000, 0x000000076ab00000)
  object space 82944K, 47% used [0x00000006c0000000,0x00000006c2667c78,0x00000006c5100000)
 Metaspace       used 57571K, capacity 59042K, committed 59160K, reserved 1099776K
  class space    used 7883K, capacity 8282K, committed 8368K, reserved 1048576K
}
Event: 22.720 GC heap before
{Heap before GC invocations=15 (full 3):
 PSYoungGen      total 232960K, used 216551K [0x000000076ab00000, 0x0000000780580000, 0x00000007c0000000)
  eden space 216576K, 99% used [0x000000076ab00000,0x0000000777e79c70,0x0000000777e80000)
  from space 16384K, 0% used [0x0000000777e80000,0x0000000777e80000,0x0000000778e80000)
  to   space 18432K, 0% used [0x000000077f380000,0x000000077f380000,0x0000000780580000)
 ParOldGen       total 82944K, used 39327K [0x00000006c0000000, 0x00000006c5100000, 0x000000076ab00000)
  object space 82944K, 47% used [0x00000006c0000000,0x00000006c2667c78,0x00000006c5100000)
 Metaspace       used 65677K, capacity 67358K, committed 67504K, reserved 1107968K
  class space    used 8886K, capacity 9300K, committed 9392K, reserved 1048576K
Event: 22.834 GC heap after
Heap after GC invocations=15 (full 3):
 PSYoungGen      total 326656K, used 18267K [0x000000076ab00000, 0x0000000780580000, 0x00000007c0000000)
  eden space 308224K, 0% used [0x000000076ab00000,0x000000076ab00000,0x000000077d800000)
  from space 18432K, 99% used [0x000000077f380000,0x0000000780556fb8,0x0000000780580000)
  to   space 20992K, 0% used [0x000000077dc80000,0x000000077dc80000,0x000000077f100000)
 ParOldGen       total 82944K, used 39335K [0x00000006c0000000, 0x00000006c5100000, 0x000000076ab00000)
  object space 82944K, 47% used [0x00000006c0000000,0x00000006c2669c78,0x00000006c5100000)
 Metaspace       used 65677K, capacity 67358K, committed 67504K, reserved 1107968K
  class space    used 8886K, capacity 9300K, committed 9392K, reserved 1048576K
}
Event: 29.817 GC heap before
{Heap before GC invocations=16 (full 3):
 PSYoungGen      total 326656K, used 326491K [0x000000076ab00000, 0x0000000780580000, 0x00000007c0000000)
  eden space 308224K, 100% used [0x000000076ab00000,0x000000077d800000,0x000000077d800000)
  from space 18432K, 99% used [0x000000077f380000,0x0000000780556fb8,0x0000000780580000)
  to   space 20992K, 0% used [0x000000077dc80000,0x000000077dc80000,0x000000077f100000)
 ParOldGen       total 82944K, used 39335K [0x00000006c0000000, 0x00000006c5100000, 0x000000076ab00000)
  object space 82944K, 47% used [0x00000006c0000000,0x00000006c2669c78,0x00000006c5100000)
 Metaspace       used 70553K, capacity 72706K, committed 73008K, reserved 1112064K
  class space    used 9433K, capacity 9939K, committed 10032K, reserved 1048576K
Event: 29.887 GC heap after
Heap after GC invocations=16 (full 3):
 PSYoungGen      total 333824K, used 11893K [0x000000076ab00000, 0x0000000787680000, 0x00000007c0000000)
  eden space 312832K, 0% used [0x000000076ab00000,0x000000076ab00000,0x000000077dc80000)
  from space 20992K, 56% used [0x000000077dc80000,0x000000077e81d678,0x000000077f100000)
  to   space 20992K, 0% used [0x0000000786200000,0x0000000786200000,0x0000000787680000)
 ParOldGen       total 82944K, used 52690K [0x00000006c0000000, 0x00000006c5100000, 0x000000076ab00000)
  object space 82944K, 63% used [0x00000006c0000000,0x00000006c3374ad8,0x00000006c5100000)
 Metaspace       used 70553K, capacity 72706K, committed 73008K, reserved 1112064K
  class space    used 9433K, capacity 9939K, committed 10032K, reserved 1048576K
}
Event: 32.663 GC heap before
{Heap before GC invocations=17 (full 3):
 PSYoungGen      total 333824K, used 324725K [0x000000076ab00000, 0x0000000787680000, 0x00000007c0000000)
  eden space 312832K, 100% used [0x000000076ab00000,0x000000077dc80000,0x000000077dc80000)
  from space 20992K, 56% used [0x000000077dc80000,0x000000077e81d678,0x000000077f100000)
  to   space 20992K, 0% used [0x0000000786200000,0x0000000786200000,0x0000000787680000)
 ParOldGen       total 82944K, used 52690K [0x00000006c0000000, 0x00000006c5100000, 0x000000076ab00000)
  object space 82944K, 63% used [0x00000006c0000000,0x00000006c3374ad8,0x00000006c5100000)
 Metaspace       used 79158K, capacity 82148K, committed 82352K, reserved 1120256K
  class space    used 10509K, capacity 11112K, committed 11184K, reserved 1048576K
Event: 32.700 GC heap after
Heap after GC invocations=17 (full 3):
 PSYoungGen      total 447488K, used 15906K [0x000000076ab00000, 0x0000000787680000, 0x00000007c0000000)
  eden space 426496K, 0% used [0x000000076ab00000,0x000000076ab00000,0x0000000784b80000)
  from space 20992K, 75% used [0x0000000786200000,0x0000000787188900,0x0000000787680000)
  to   space 22016K, 0% used [0x0000000784b80000,0x0000000784b80000,0x0000000786100000)
 ParOldGen       total 82944K, used 60825K [0x00000006c0000000, 0x00000006c5100000, 0x000000076ab00000)
  object space 82944K, 73% used [0x00000006c0000000,0x00000006c3b665a0,0x00000006c5100000)
 Metaspace       used 79158K, capacity 82148K, committed 82352K, reserved 1120256K
  class space    used 10509K, capacity 11112K, committed 11184K, reserved 1048576K
}
Event: 39.893 GC heap before
{Heap before GC invocations=18 (full 3):
 PSYoungGen      total 447488K, used 442402K [0x000000076ab00000, 0x0000000787680000, 0x00000007c0000000)
  eden space 426496K, 100% used [0x000000076ab00000,0x0000000784b80000,0x0000000784b80000)
  from space 20992K, 75% used [0x0000000786200000,0x0000000787188900,0x0000000787680000)
  to   space 22016K, 0% used [0x0000000784b80000,0x0000000784b80000,0x0000000786100000)
 ParOldGen       total 82944K, used 60825K [0x00000006c0000000, 0x00000006c5100000, 0x000000076ab00000)
  object space 82944K, 73% used [0x00000006c0000000,0x00000006c3b665a0,0x00000006c5100000)
 Metaspace       used 81308K, capacity 84490K, committed 84656K, reserved 1122304K
  class space    used 10724K, capacity 11357K, committed 11440K, reserved 1048576K

