# JRE version: OpenJDK Runtime Environment (8.0_152-b01) (build 1.8.0_152-release-1248-b01)
# Java VM: OpenJDK 64-Bit Server VM (25.152-b01 mixed mode linux-amd64 compressed oops)
Heap:
 PSYoungGen      total 299008K, used 19064K [0x000000076ab00000, 0x000000077e580000, 0x00000007c0000000)
  eden space 275968K, 0% used [0x000000076ab00000,0x000000076ab00000,0x000000077b880000)
  from space 23040K, 82% used [0x000000077b880000,0x000000077cb1e318,0x000000077cf00000)
  to   space 18432K, 0% used [0x000000077d380000,0x000000077d380000,0x000000077e580000)
 ParOldGen       total 88576K, used 56054K [0x00000006c0000000, 0x00000006c5680000, 0x000000076ab00000)
  object space 88576K, 63% used [0x00000006c0000000,0x00000006c36bda68,0x00000006c5680000)
 Metaspace       used 78839K, capacity 81906K, committed 82072K, reserved 1120256K
  class space    used 10517K, capacity 11146K, committed 11184K, reserved 1048576K
GC Heap History (10 events):
Event: 53.695 GC heap after
Heap after GC invocations=11 (full 2):
 PSYoungGen      total 162816K, used 12769K [0x000000076ab00000, 0x0000000779b80000, 0x00000007c0000000)
  eden space 150016K, 0% used [0x000000076ab00000,0x000000076ab00000,0x0000000773d80000)
  from space 12800K, 99% used [0x0000000773d80000,0x00000007749f86b0,0x0000000774a00000)
  to   space 17920K, 0% used [0x0000000778a00000,0x0000000778a00000,0x0000000779b80000)
 ParOldGen       total 57856K, used 26277K [0x00000006c0000000, 0x00000006c3880000, 0x000000076ab00000)
  object space 57856K, 45% used [0x00000006c0000000,0x00000006c19a9558,0x00000006c3880000)
 Metaspace       used 48334K, capacity 49230K, committed 49456K, reserved 1091584K
  class space    used 6590K, capacity 6892K, committed 6960K, reserved 1048576K
}
Event: 75.967 GC heap before
{Heap before GC invocations=12 (full 2):
 PSYoungGen      total 162816K, used 161154K [0x000000076ab00000, 0x0000000779b80000, 0x00000007c0000000)
  eden space 150016K, 98% used [0x000000076ab00000,0x0000000773be84f0,0x0000000773d80000)
  from space 12800K, 99% used [0x0000000773d80000,0x00000007749f86b0,0x0000000774a00000)
  to   space 17920K, 0% used [0x0000000778a00000,0x0000000778a00000,0x0000000779b80000)
 ParOldGen       total 57856K, used 26277K [0x00000006c0000000, 0x00000006c3880000, 0x000000076ab00000)
  object space 57856K, 45% used [0x00000006c0000000,0x00000006c19a9558,0x00000006c3880000)
 Metaspace       used 57499K, capacity 59020K, committed 59160K, reserved 1099776K
  class space    used 7856K, capacity 8215K, committed 8240K, reserved 1048576K
Event: 76.010 GC heap after
Heap after GC invocations=12 (full 2):
 PSYoungGen      total 222720K, used 17906K [0x000000076ab00000, 0x000000077a100000, 0x00000007c0000000)
  eden space 204800K, 0% used [0x000000076ab00000,0x000000076ab00000,0x0000000777300000)
  from space 17920K, 99% used [0x0000000778a00000,0x0000000779b7ca48,0x0000000779b80000)
  to   space 23552K, 0% used [0x0000000777300000,0x0000000777300000,0x0000000778a00000)
 ParOldGen       total 57856K, used 33982K [0x00000006c0000000, 0x00000006c3880000, 0x000000076ab00000)
  object space 57856K, 58% used [0x00000006c0000000,0x00000006c212fb78,0x00000006c3880000)
 Metaspace       used 57499K, capacity 59020K, committed 59160K, reserved 1099776K
  class space    used 7856K, capacity 8215K, committed 8240K, reserved 1048576K
}
Event: 76.010 GC heap before
{Heap before GC invocations=13 (full 3):
 PSYoungGen      total 222720K, used 17906K [0x000000076ab00000, 0x000000077a100000, 0x00000007c0000000)
  eden space 204800K, 0% used [0x000000076ab00000,0x000000076ab00000,0x0000000777300000)
  from space 17920K, 99% used [0x0000000778a00000,0x0000000779b7ca48,0x0000000779b80000)
  to   space 23552K, 0% used [0x0000000777300000,0x0000000777300000,0x0000000778a00000)
 ParOldGen       total 57856K, used 33982K [0x00000006c0000000, 0x00000006c3880000, 0x000000076ab00000)
  object space 57856K, 58% used [0x00000006c0000000,0x00000006c212fb78,0x00000006c3880000)
 Metaspace       used 57499K, capacity 59020K, committed 59160K, reserved 1099776K
  class space    used 7856K, capacity 8215K, committed 8240K, reserved 1048576K
Event: 76.305 GC heap after
Heap after GC invocations=13 (full 3):
 PSYoungGen      total 222720K, used 0K [0x000000076ab00000, 0x000000077a100000, 0x00000007c0000000)
  eden space 204800K, 0% used [0x000000076ab00000,0x000000076ab00000,0x0000000777300000)
  from space 17920K, 0% used [0x0000000778a00000,0x0000000778a00000,0x0000000779b80000)
  to   space 23552K, 0% used [0x0000000777300000,0x0000000777300000,0x0000000778a00000)
 ParOldGen       total 88576K, used 38813K [0x00000006c0000000, 0x00000006c5680000, 0x000000076ab00000)
  object space 88576K, 43% used [0x00000006c0000000,0x00000006c25e7720,0x00000006c5680000)
 Metaspace       used 57499K, capacity 59020K, committed 59160K, reserved 1099776K
  class space    used 7856K, capacity 8215K, committed 8240K, reserved 1048576K
}
Event: 82.417 GC heap before
{Heap before GC invocations=14 (full 3):
 PSYoungGen      total 222720K, used 204800K [0x000000076ab00000, 0x000000077a100000, 0x00000007c0000000)
  eden space 204800K, 100% used [0x000000076ab00000,0x0000000777300000,0x0000000777300000)
  from space 17920K, 0% used [0x0000000778a00000,0x0000000778a00000,0x0000000779b80000)
  to   space 23552K, 0% used [0x0000000777300000,0x0000000777300000,0x0000000778a00000)
 ParOldGen       total 88576K, used 38813K [0x00000006c0000000, 0x00000006c5680000, 0x000000076ab00000)
  object space 88576K, 43% used [0x00000006c0000000,0x00000006c25e7720,0x00000006c5680000)
 Metaspace       used 63587K, capacity 65284K, committed 65432K, reserved 1105920K
  class space    used 8648K, capacity 9077K, committed 9136K, reserved 1048576K
Event: 82.455 GC heap after
Heap after GC invocations=14 (full 3):
 PSYoungGen      total 228352K, used 15798K [0x000000076ab00000, 0x000000077eb00000, 0x00000007c0000000)
  eden space 204800K, 0% used [0x000000076ab00000,0x000000076ab00000,0x0000000777300000)
  from space 23552K, 67% used [0x0000000777300000,0x000000077826d9c8,0x0000000778a00000)
  to   space 24064K, 0% used [0x000000077d380000,0x000000077d380000,0x000000077eb00000)
 ParOldGen       total 88576K, used 38821K [0x00000006c0000000, 0x00000006c5680000, 0x000000076ab00000)
  object space 88576K, 43% used [0x00000006c0000000,0x00000006c25e9720,0x00000006c5680000)
 Metaspace       used 63587K, capacity 65284K, committed 65432K, reserved 1105920K
  class space    used 8648K, capacity 9077K, committed 9136K, reserved 1048576K
}
Event: 88.119 GC heap before
{Heap before GC invocations=15 (full 3):
 PSYoungGen      total 228352K, used 220598K [0x000000076ab00000, 0x000000077eb00000, 0x00000007c0000000)
  eden space 204800K, 100% used [0x000000076ab00000,0x0000000777300000,0x0000000777300000)
  from space 23552K, 67% used [0x0000000777300000,0x000000077826d9c8,0x0000000778a00000)
  to   space 24064K, 0% used [0x000000077d380000,0x000000077d380000,0x000000077eb00000)
 ParOldGen       total 88576K, used 38821K [0x00000006c0000000, 0x00000006c5680000, 0x000000076ab00000)
  object space 88576K, 43% used [0x00000006c0000000,0x00000006c25e9720,0x00000006c5680000)
 Metaspace       used 69362K, capacity 71262K, committed 71448K, reserved 1112064K
  class space    used 9279K, capacity 9738K, committed 9776K, reserved 1048576K
Event: 88.191 GC heap after
Heap after GC invocations=15 (full 3):
 PSYoungGen      total 294400K, used 10816K [0x000000076ab00000, 0x000000077e580000, 0x00000007c0000000)
  eden space 275968K, 0% used [0x000000076ab00000,0x000000076ab00000,0x000000077b880000)
  from space 18432K, 58% used [0x000000077d380000,0x000000077de10278,0x000000077e580000)
  to   space 23040K, 0% used [0x000000077b880000,0x000000077b880000,0x000000077cf00000)
 ParOldGen       total 88576K, used 50379K [0x00000006c0000000, 0x00000006c5680000, 0x000000076ab00000)
  object space 88576K, 56% used [0x00000006c0000000,0x00000006c3132ec8,0x00000006c5680000)
 Metaspace       used 69362K, capacity 71262K, committed 71448K, reserved 1112064K
  class space    used 9279K, capacity 9738K, committed 9776K, reserved 1048576K
}
Event: 91.266 GC heap before
{Heap before GC invocations=16 (full 3):
 PSYoungGen      total 294400K, used 286784K [0x000000076ab00000, 0x000000077e580000, 0x00000007c0000000)
  eden space 275968K, 100% used [0x000000076ab00000,0x000000077b880000,0x000000077b880000)
  from space 18432K, 58% used [0x000000077d380000,0x000000077de10278,0x000000077e580000)
  to   space 23040K, 0% used [0x000000077b880000,0x000000077b880000,0x000000077cf00000)
 ParOldGen       total 88576K, used 50379K [0x00000006c0000000, 0x00000006c5680000, 0x000000076ab00000)
  object space 88576K, 56% used [0x00000006c0000000,0x00000006c3132ec8,0x00000006c5680000)
 Metaspace       used 78839K, capacity 81906K, committed 82072K, reserved 1120256K
  class space    used 10517K, capacity 11146K, committed 11184K, reserved 1048576K

